<?xml version="1.0" encoding="UTF-8"?>
<testng-results skipped="0" failed="1" ignored="0" total="1" passed="0">
  <reporter-output>
  </reporter-output>
  <suite name="Default suite" duration-ms="84831" started-at="2021-03-31T05:08:33Z" finished-at="2021-03-31T05:09:58Z">
    <groups>
    </groups>
    <test name="Default test" duration-ms="84831" started-at="2021-03-31T05:08:33Z" finished-at="2021-03-31T05:09:58Z">
      <class name="openBrowser.open">
        <test-method status="PASS" signature="beforeTest()[pri:0, instance:openBrowser.open@64bf3bbf]" name="beforeTest" is-config="true" duration-ms="10856" started-at="2021-03-31T12:08:33Z" finished-at="2021-03-31T12:08:44Z">
          <reporter-output>
          </reporter-output>
        </test-method> <!-- beforeTest -->
        <test-method status="FAIL" signature="check()[pri:0, instance:openBrowser.open@64bf3bbf]" name="check" duration-ms="67902" started-at="2021-03-31T12:08:44Z" finished-at="2021-03-31T12:09:52Z">
          <exception class="java.lang.AssertionError">
            <message>
              <![CDATA[The following asserts failed:
	expected [The user name or password is incorrect, please try again....] but found [The user name or password is incorrect, please try again.]]]>
            </message>
            <full-stacktrace>
              <![CDATA[java.lang.AssertionError: The following asserts failed:
	expected [The user name or password is incorrect, please try again....] but found [The user name or password is incorrect, please try again.]
	at org.testng.asserts.SoftAssert.assertAll(SoftAssert.java:43)
	at openBrowser.open.check(open.java:215)
	at sun.reflect.NativeMethodAccessorImpl.invoke0(Native Method)
	at sun.reflect.NativeMethodAccessorImpl.invoke(Unknown Source)
	at sun.reflect.DelegatingMethodAccessorImpl.invoke(Unknown Source)
	at java.lang.reflect.Method.invoke(Unknown Source)
	at org.testng.internal.MethodInvocationHelper.invokeMethod(MethodInvocationHelper.java:108)
	at org.testng.internal.Invoker.invokeMethod(Invoker.java:661)
	at org.testng.internal.Invoker.invokeTestMethod(Invoker.java:869)
	at org.testng.internal.Invoker.invokeTestMethods(Invoker.java:1193)
	at org.testng.internal.TestMethodWorker.invokeTestMethods(TestMethodWorker.java:126)
	at org.testng.internal.TestMethodWorker.run(TestMethodWorker.java:109)
	at org.testng.TestRunner.privateRun(TestRunner.java:744)
	at org.testng.TestRunner.run(TestRunner.java:602)
	at org.testng.SuiteRunner.runTest(SuiteRunner.java:380)
	at org.testng.SuiteRunner.runSequentially(SuiteRunner.java:375)
	at org.testng.SuiteRunner.privateRun(SuiteRunner.java:340)
	at org.testng.SuiteRunner.run(SuiteRunner.java:289)
	at org.testng.SuiteRunnerWorker.runSuite(SuiteRunnerWorker.java:52)
	at org.testng.SuiteRunnerWorker.run(SuiteRunnerWorker.java:86)
	at org.testng.TestNG.runSuitesSequentially(TestNG.java:1301)
	at org.testng.TestNG.runSuitesLocally(TestNG.java:1226)
	at org.testng.TestNG.runSuites(TestNG.java:1144)
	at org.testng.TestNG.run(TestNG.java:1115)
	at org.testng.remote.AbstractRemoteTestNG.run(AbstractRemoteTestNG.java:132)
	at org.testng.remote.RemoteTestNG.initAndRun(RemoteTestNG.java:230)
	at org.testng.remote.RemoteTestNG.main(RemoteTestNG.java:76)
]]>
            </full-stacktrace>
          </exception> <!-- java.lang.AssertionError -->
          <reporter-output>
          </reporter-output>
        </test-method> <!-- check -->
        <test-method status="PASS" signature="getResult(org.testng.ITestResult)[pri:0, instance:openBrowser.open@64bf3bbf]" name="getResult" is-config="true" duration-ms="3082" started-at="2021-03-31T12:09:52Z" finished-at="2021-03-31T12:09:55Z">
          <params>
            <param index="0">
              <value>
                <![CDATA[[TestResult name=check status=FAILURE method=open.check()[pri:0, instance:openBrowser.open@64bf3bbf] output={null}]]]>
              </value>
            </param>
          </params>
          <reporter-output>
          </reporter-output>
        </test-method> <!-- getResult -->
        <test-method status="PASS" signature="afterTest()[pri:0, instance:openBrowser.open@64bf3bbf]" name="afterTest" is-config="true" duration-ms="2948" started-at="2021-03-31T12:09:55Z" finished-at="2021-03-31T12:09:58Z">
          <reporter-output>
          </reporter-output>
        </test-method> <!-- afterTest -->
      </class> <!-- openBrowser.open -->
    </test> <!-- Default test -->
  </suite> <!-- Default suite -->
</testng-results>
